<?xml version="1.0" encoding="UTF-8"?>
<!-- Generated by org.testng.reporters.JUnitReportReporter -->
<testsuite hostname="localhoster" name="regressionTestCases.Sample_TC001_GoogleTest" tests="1" failures="0" timestamp="1 Oct 2016 18:01:57 GMT" time="56.811" errors="0">
  <testcase name="TC001" time="56.811" classname="regressionTestCases.Sample_TC001_GoogleTest"/>
</testsuite> <!-- regressionTestCases.Sample_TC001_GoogleTest -->
